#
# There is insufficient memory for the Java Runtime Environment to continue.
# Native memory allocation (mmap) failed to map 20971520 bytes. Error detail: G1 virtual space
# Possible reasons:
#   The system is out of physical RAM or swap space
#   This process is running with CompressedOops enabled, and the Java Heap may be blocking the growth of the native heap
# Possible solutions:
#   Reduce memory load on the system
#   Increase physical memory or swap space
#   Check if swap backing store is full
#   Decrease Java heap size (-Xmx/-Xms)
#   Decrease number of Java threads
#   Decrease Java thread stack sizes (-Xss)
#   Set larger code cache with -XX:ReservedCodeCacheSize=
#   JVM is running with Unscaled Compressed Oops mode in which the Java heap is
#     placed in the first 4GB address space. The Java Heap base address is the
#     maximum limit for the native heap growth. Please use -XX:HeapBaseMinAddress
#     to set the Java Heap base and to place the Java Heap above 4GB virtual address.
# This output file may be truncated or incomplete.
#
#  Out of Memory Error (os_windows.cpp:3828), pid=9996, tid=17068
#
# JRE version: OpenJDK Runtime Environment (21.0.4) (build 21.0.4+-12508038-b607.1)
# Java VM: OpenJDK 64-Bit Server VM (21.0.4+-12508038-b607.1, mixed mode, tiered, compressed oops, compressed class ptrs, g1 gc, windows-amd64)
# No core dump will be written. Minidumps are not enabled by default on client versions of Windows
#

---------------  S U M M A R Y ------------

Command Line: org.jetbrains.kotlin.cli.jvm.K2JVMCompiler @D:\FireBase\app\build\20250320_4090739199271313112.compiler.options

Host: 12th Gen Intel(R) Core(TM) i3-1215U, 8 cores, 7G,  Windows 11 , 64 bit Build 22621 (10.0.22621.4974)
Time: Thu Mar 20 20:12:31 2025 SE Asia Standard Time elapsed time: 5.034613 seconds (0d 0h 0m 5s)

---------------  T H R E A D  ---------------

Current thread (0x0000019ed22203b0):  VMThread "VM Thread"          [id=17068, stack(0x00000073d9100000,0x00000073d9200000) (1024K)]

Stack: [0x00000073d9100000,0x00000073d9200000]
Native frames: (J=compiled Java code, j=interpreted, Vv=VM code, C=native code)
V  [jvm.dll+0x6ce539]
V  [jvm.dll+0x85bf03]
V  [jvm.dll+0x85e45e]
V  [jvm.dll+0x85eb43]
V  [jvm.dll+0x27dd06]
V  [jvm.dll+0x6cada5]
V  [jvm.dll+0x6bf27a]
V  [jvm.dll+0x3541fb]
V  [jvm.dll+0x35be36]
V  [jvm.dll+0x3adbc6]
V  [jvm.dll+0x3ade98]
V  [jvm.dll+0x32691c]
V  [jvm.dll+0x329326]
V  [jvm.dll+0x33325d]
V  [jvm.dll+0x36a865]
V  [jvm.dll+0x8648c8]
V  [jvm.dll+0x865c44]
V  [jvm.dll+0x866180]
V  [jvm.dll+0x866413]
V  [jvm.dll+0x804418]
V  [jvm.dll+0x6cce0d]
C  [ucrtbase.dll+0x29333]
C  [KERNEL32.DLL+0x1259d]
C  [ntdll.dll+0x5af38]

VM_Operation (0x00000073d8cff480): G1PauseRemark, mode: safepoint, requested by thread 0x0000019ebad3d5b0


---------------  P R O C E S S  ---------------

Threads class SMR info:
_java_thread_list=0x0000019eda59dcd0, length=12, elements={
0x0000019eb8a9cbe0, 0x0000019ed23d7480, 0x0000019ed23e4420, 0x0000019ed23e5b90,
0x0000019ed23f1410, 0x0000019ed23f1e70, 0x0000019ed23f28d0, 0x0000019ed23e8f40,
0x0000019ed23fffa0, 0x0000019ed259cac0, 0x0000019ed25a2730, 0x0000019ed9e65af0
}

Java Threads: ( => current thread )
  0x0000019eb8a9cbe0 JavaThread "main"                              [_thread_blocked, id=7196, stack(0x00000073d8a00000,0x00000073d8b00000) (1024K)]
  0x0000019ed23d7480 JavaThread "Reference Handler"          daemon [_thread_blocked, id=14840, stack(0x00000073d9200000,0x00000073d9300000) (1024K)]
  0x0000019ed23e4420 JavaThread "Finalizer"                  daemon [_thread_blocked, id=4656, stack(0x00000073d9300000,0x00000073d9400000) (1024K)]
  0x0000019ed23e5b90 JavaThread "Signal Dispatcher"          daemon [_thread_blocked, id=16816, stack(0x00000073d9400000,0x00000073d9500000) (1024K)]
  0x0000019ed23f1410 JavaThread "Attach Listener"            daemon [_thread_blocked, id=17116, stack(0x00000073d9500000,0x00000073d9600000) (1024K)]
  0x0000019ed23f1e70 JavaThread "Service Thread"             daemon [_thread_blocked, id=15412, stack(0x00000073d9600000,0x00000073d9700000) (1024K)]
  0x0000019ed23f28d0 JavaThread "Monitor Deflation Thread"   daemon [_thread_blocked, id=17080, stack(0x00000073d9700000,0x00000073d9800000) (1024K)]
  0x0000019ed23e8f40 JavaThread "C2 CompilerThread0"         daemon [_thread_blocked, id=13256, stack(0x00000073d9800000,0x00000073d9900000) (1024K)]
  0x0000019ed23fffa0 JavaThread "C1 CompilerThread0"         daemon [_thread_blocked, id=2060, stack(0x00000073d9900000,0x00000073d9a00000) (1024K)]
  0x0000019ed259cac0 JavaThread "Notification Thread"        daemon [_thread_blocked, id=16720, stack(0x00000073d9a00000,0x00000073d9b00000) (1024K)]
  0x0000019ed25a2730 JavaThread "Common-Cleaner"             daemon [_thread_blocked, id=14712, stack(0x00000073d9b00000,0x00000073d9c00000) (1024K)]
  0x0000019ed9e65af0 JavaThread "C2 CompilerThread1"         daemon [_thread_blocked, id=7504, stack(0x00000073da400000,0x00000073da500000) (1024K)]
Total: 12

Other Threads:
=>0x0000019ed22203b0 VMThread "VM Thread"                           [id=17068, stack(0x00000073d9100000,0x00000073d9200000) (1024K)]
  0x0000019ed21bb480 WatcherThread "VM Periodic Task Thread"        [id=8152, stack(0x00000073d9000000,0x00000073d9100000) (1024K)]
  0x0000019ebad2bef0 WorkerThread "GC Thread#0"                     [id=9748, stack(0x00000073d8b00000,0x00000073d8c00000) (1024K)]
  0x0000019ed75c6560 WorkerThread "GC Thread#1"                     [id=17564, stack(0x00000073d9c00000,0x00000073d9d00000) (1024K)]
  0x0000019ed75e43c0 WorkerThread "GC Thread#2"                     [id=11772, stack(0x00000073d9d00000,0x00000073d9e00000) (1024K)]
  0x0000019ed75e4760 WorkerThread "GC Thread#3"                     [id=16520, stack(0x00000073d9e00000,0x00000073d9f00000) (1024K)]
  0x0000019ed75f3920 WorkerThread "GC Thread#4"                     [id=3652, stack(0x00000073d9f00000,0x00000073da000000) (1024K)]
  0x0000019ed75f3cc0 WorkerThread "GC Thread#5"                     [id=17796, stack(0x00000073da000000,0x00000073da100000) (1024K)]
  0x0000019ed78d4a00 WorkerThread "GC Thread#6"                     [id=13812, stack(0x00000073da100000,0x00000073da200000) (1024K)]
  0x0000019ed78d5140 WorkerThread "GC Thread#7"                     [id=17656, stack(0x00000073da200000,0x00000073da300000) (1024K)]
  0x0000019ebad3d5b0 ConcurrentGCThread "G1 Main Marker"            [id=12176, stack(0x00000073d8c00000,0x00000073d8d00000) (1024K)]
  0x0000019ebad3e0b0 WorkerThread "G1 Conc#0"                       [id=17848, stack(0x00000073d8d00000,0x00000073d8e00000) (1024K)]
  0x0000019ed78d4da0 WorkerThread "G1 Conc#1"                       [id=8356, stack(0x00000073da300000,0x00000073da400000) (1024K)]
  0x0000019ed208c130 ConcurrentGCThread "G1 Refine#0"               [id=16828, stack(0x00000073d8e00000,0x00000073d8f00000) (1024K)]
  0x0000019ed208cab0 ConcurrentGCThread "G1 Service"                [id=8704, stack(0x00000073d8f00000,0x00000073d9000000) (1024K)]
Total: 15

Threads with active compile tasks:
C2 CompilerThread0     5057 4403       4       java.security.SecureClassLoader::defineClass (16 bytes)
C2 CompilerThread1     5057 4401       4       jdk.internal.loader.URLClassPath$JarLoader$2::getBytes (48 bytes)
Total: 2

VM state: at safepoint (normal execution)

VM Mutex/Monitor currently owned by a thread:  ([mutex/lock_event])
[0x00007ffcf93c72f8] Threads_lock - owner thread: 0x0000019ed22203b0
[0x00007ffcf93c73f8] Heap_lock - owner thread: 0x0000019ebad3d5b0

Heap address: 0x0000000085200000, size: 1966 MB, Compressed Oops mode: 32-bit

CDS archive(s) not mapped
Compressed class space mapped at: 0x0000000100000000-0x0000000140000000, reserved size: 1073741824
Narrow klass base: 0x0000000000000000, Narrow klass shift: 3, Narrow klass range: 0x140000000

GC Precious Log:
 CardTable entry size: 512
 Card Set container configuration: InlinePtr #cards 5 size 8 Array Of Cards #cards 12 size 40 Howl #buckets 4 coarsen threshold 1843 Howl Bitmap #cards 512 size 80 coarsen threshold 460 Card regions per heap region 1 cards per card region 2048
 CPUs: 8 total, 8 available
 Memory: 7860M
 Large Page Support: Disabled
 NUMA Support: Disabled
 Compressed Oops: Enabled (32-bit)
 Heap Region Size: 1M
 Heap Min Capacity: 8M
 Heap Initial Capacity: 124M
 Heap Max Capacity: 1966M
 Pre-touch: Disabled
 Parallel Workers: 8
 Concurrent Workers: 2
 Concurrent Refinement Workers: 8
 Periodic GC: Disabled

Heap:
 garbage-first heap   total 66560K, used 51884K [0x0000000085200000, 0x0000000100000000)
  region size 1024K, 3 young (3072K), 2 survivors (2048K)
 Metaspace       used 50590K, committed 50880K, reserved 1114112K
  class space    used 5828K, committed 5952K, reserved 1048576K

Heap Regions: E=young(eden), S=young(survivor), O=old, HS=humongous(starts), HC=humongous(continues), CS=collection set, F=free, TAMS=top-at-mark-start, PB=parsable bottom
|   0|0x0000000085200000, 0x0000000085300000, 0x0000000085300000|100%|HS|  |TAMS 0x0000000085300000| PB 0x0000000085200000| Complete 
|   1|0x0000000085300000, 0x0000000085400000, 0x0000000085400000|100%|HC|  |TAMS 0x0000000085400000| PB 0x0000000085300000| Complete 
|   2|0x0000000085400000, 0x0000000085500000, 0x0000000085500000|100%|HC|  |TAMS 0x0000000085500000| PB 0x0000000085400000| Complete 
|   3|0x0000000085500000, 0x0000000085600000, 0x0000000085600000|100%| O|  |TAMS 0x0000000085600000| PB 0x0000000085600000| Untracked 
|   4|0x0000000085600000, 0x0000000085700000, 0x0000000085700000|100%| O|  |TAMS 0x0000000085700000| PB 0x0000000085700000| Untracked 
|   5|0x0000000085700000, 0x00000000857e84f0, 0x0000000085800000| 90%| O|  |TAMS 0x00000000857e84f0| PB 0x00000000857e84f0| Updating 
|   6|0x0000000085800000, 0x0000000085900000, 0x0000000085900000|100%| O|  |TAMS 0x0000000085900000| PB 0x0000000085900000| Untracked 
|   7|0x0000000085900000, 0x0000000085a00000, 0x0000000085a00000|100%| O|  |TAMS 0x0000000085a00000| PB 0x0000000085a00000| Untracked 
|   8|0x0000000085a00000, 0x0000000085b00000, 0x0000000085b00000|100%| O|  |TAMS 0x0000000085b00000| PB 0x0000000085b00000| Untracked 
|   9|0x0000000085b00000, 0x0000000085c00000, 0x0000000085c00000|100%| O|  |TAMS 0x0000000085c00000| PB 0x0000000085c00000| Untracked 
|  10|0x0000000085c00000, 0x0000000085d00000, 0x0000000085d00000|100%| O|  |TAMS 0x0000000085d00000| PB 0x0000000085d00000| Untracked 
|  11|0x0000000085d00000, 0x0000000085e00000, 0x0000000085e00000|100%| O|  |TAMS 0x0000000085e00000| PB 0x0000000085e00000| Untracked 
|  12|0x0000000085e00000, 0x0000000085f00000, 0x0000000085f00000|100%| O|  |TAMS 0x0000000085f00000| PB 0x0000000085f00000| Untracked 
|  13|0x0000000085f00000, 0x0000000086000000, 0x0000000086000000|100%| O|  |TAMS 0x0000000086000000| PB 0x0000000086000000| Untracked 
|  14|0x0000000086000000, 0x0000000086100000, 0x0000000086100000|100%| O|  |TAMS 0x0000000086100000| PB 0x0000000086100000| Updating 
|  15|0x0000000086100000, 0x0000000086200000, 0x0000000086200000|100%| O|  |TAMS 0x0000000086200000| PB 0x0000000086200000| Untracked 
|  16|0x0000000086200000, 0x0000000086300000, 0x0000000086300000|100%| O|  |TAMS 0x0000000086300000| PB 0x0000000086300000| Updating 
|  17|0x0000000086300000, 0x0000000086400000, 0x0000000086400000|100%| O|  |TAMS 0x0000000086400000| PB 0x0000000086400000| Untracked 
|  18|0x0000000086400000, 0x0000000086500000, 0x0000000086500000|100%| O|  |TAMS 0x0000000086500000| PB 0x0000000086500000| Untracked 
|  19|0x0000000086500000, 0x0000000086600000, 0x0000000086600000|100%| O|  |TAMS 0x0000000086600000| PB 0x0000000086600000| Untracked 
|  20|0x0000000086600000, 0x0000000086700000, 0x0000000086700000|100%| O|  |TAMS 0x0000000086700000| PB 0x0000000086700000| Untracked 
|  21|0x0000000086700000, 0x0000000086800000, 0x0000000086800000|100%| O|  |TAMS 0x0000000086800000| PB 0x0000000086800000| Untracked 
|  22|0x0000000086800000, 0x0000000086900000, 0x0000000086900000|100%| O|  |TAMS 0x0000000086900000| PB 0x0000000086900000| Untracked 
|  23|0x0000000086900000, 0x0000000086a00000, 0x0000000086a00000|100%| O|  |TAMS 0x0000000086a00000| PB 0x0000000086a00000| Untracked 
|  24|0x0000000086a00000, 0x0000000086b00000, 0x0000000086b00000|100%| O|  |TAMS 0x0000000086b00000| PB 0x0000000086b00000| Updating 
|  25|0x0000000086b00000, 0x0000000086c00000, 0x0000000086c00000|100%| O|  |TAMS 0x0000000086c00000| PB 0x0000000086c00000| Updating 
|  26|0x0000000086c00000, 0x0000000086d00000, 0x0000000086d00000|100%| O|  |TAMS 0x0000000086d00000| PB 0x0000000086d00000| Untracked 
|  27|0x0000000086d00000, 0x0000000086e00000, 0x0000000086e00000|100%| O|  |TAMS 0x0000000086e00000| PB 0x0000000086e00000| Untracked 
|  28|0x0000000086e00000, 0x0000000086f00000, 0x0000000086f00000|100%| O|  |TAMS 0x0000000086f00000| PB 0x0000000086f00000| Untracked 
|  29|0x0000000086f00000, 0x0000000087000000, 0x0000000087000000|100%| O|  |TAMS 0x0000000087000000| PB 0x0000000087000000| Untracked 
|  30|0x0000000087000000, 0x0000000087100000, 0x0000000087100000|100%| O|  |TAMS 0x0000000087100000| PB 0x0000000087100000| Untracked 
|  31|0x0000000087100000, 0x0000000087200000, 0x0000000087200000|100%| O|  |TAMS 0x0000000087200000| PB 0x0000000087200000| Untracked 
|  32|0x0000000087200000, 0x0000000087300000, 0x0000000087300000|100%| O|  |TAMS 0x0000000087300000| PB 0x0000000087300000| Updating 
|  33|0x0000000087300000, 0x0000000087400000, 0x0000000087400000|100%| O|  |TAMS 0x0000000087300000| PB 0x0000000087300000| Untracked 
|  34|0x0000000087400000, 0x0000000087500000, 0x0000000087500000|100%| O|  |TAMS 0x0000000087500000| PB 0x0000000087500000| Untracked 
|  35|0x0000000087500000, 0x0000000087600000, 0x0000000087600000|100%| O|  |TAMS 0x0000000087600000| PB 0x0000000087600000| Untracked 
|  36|0x0000000087600000, 0x0000000087700000, 0x0000000087700000|100%|HS|  |TAMS 0x0000000087700000| PB 0x0000000087600000| Complete 
|  37|0x0000000087700000, 0x0000000087800000, 0x0000000087800000|100%| O|  |TAMS 0x0000000087800000| PB 0x0000000087800000| Untracked 
|  38|0x0000000087800000, 0x0000000087900000, 0x0000000087900000|100%| O|  |TAMS 0x0000000087900000| PB 0x0000000087900000| Untracked 
|  39|0x0000000087900000, 0x0000000087a00000, 0x0000000087a00000|100%| O|  |TAMS 0x0000000087a00000| PB 0x0000000087a00000| Untracked 
|  40|0x0000000087a00000, 0x0000000087b00000, 0x0000000087b00000|100%| O|  |TAMS 0x0000000087b00000| PB 0x0000000087b00000| Updating 
|  41|0x0000000087b00000, 0x0000000087c00000, 0x0000000087c00000|100%| O|  |TAMS 0x0000000087c00000| PB 0x0000000087c00000| Untracked 
|  42|0x0000000087c00000, 0x0000000087d00000, 0x0000000087d00000|100%| O|  |TAMS 0x0000000087d00000| PB 0x0000000087d00000| Untracked 
|  43|0x0000000087d00000, 0x0000000087e00000, 0x0000000087e00000|100%| O|  |TAMS 0x0000000087e00000| PB 0x0000000087e00000| Untracked 
|  44|0x0000000087e00000, 0x0000000087eefbb8, 0x0000000087f00000| 93%| O|  |TAMS 0x0000000087e00000| PB 0x0000000087e00000| Untracked 
|  45|0x0000000087f00000, 0x0000000087f00000, 0x0000000088000000|  0%| F|  |TAMS 0x0000000087f00000| PB 0x0000000087f00000| Untracked 
|  46|0x0000000088000000, 0x0000000088000000, 0x0000000088100000|  0%| F|  |TAMS 0x0000000088000000| PB 0x0000000088000000| Untracked 
|  47|0x0000000088100000, 0x0000000088200000, 0x0000000088200000|100%| O|  |TAMS 0x0000000088200000| PB 0x0000000088200000| Untracked 
|  48|0x0000000088200000, 0x0000000088300000, 0x0000000088300000|100%| O|  |TAMS 0x0000000088300000| PB 0x0000000088300000| Updating 
|  49|0x0000000088300000, 0x0000000088400000, 0x0000000088400000|100%| O|  |TAMS 0x0000000088380000| PB 0x0000000088380000| Updating 
|  50|0x0000000088400000, 0x0000000088400000, 0x0000000088500000|  0%| F|  |TAMS 0x0000000088400000| PB 0x0000000088400000| Untracked 
|  51|0x0000000088500000, 0x0000000088500000, 0x0000000088600000|  0%| F|  |TAMS 0x0000000088500000| PB 0x0000000088500000| Untracked 
|  52|0x0000000088600000, 0x0000000088600000, 0x0000000088700000|  0%| F|  |TAMS 0x0000000088600000| PB 0x0000000088600000| Untracked 
|  53|0x0000000088700000, 0x0000000088700000, 0x0000000088800000|  0%| F|  |TAMS 0x0000000088700000| PB 0x0000000088700000| Untracked 
|  54|0x0000000088800000, 0x00000000888d32c0, 0x0000000088900000| 82%| S|CS|TAMS 0x0000000088800000| PB 0x0000000088800000| Complete 
|  55|0x0000000088900000, 0x0000000088a00000, 0x0000000088a00000|100%| S|CS|TAMS 0x0000000088900000| PB 0x0000000088900000| Complete 
|  56|0x0000000088a00000, 0x0000000088a00000, 0x0000000088b00000|  0%| F|  |TAMS 0x0000000088a00000| PB 0x0000000088a00000| Untracked 
|  57|0x0000000088b00000, 0x0000000088b00000, 0x0000000088c00000|  0%| F|  |TAMS 0x0000000088b00000| PB 0x0000000088b00000| Untracked 
|  58|0x0000000088c00000, 0x0000000088c00000, 0x0000000088d00000|  0%| F|  |TAMS 0x0000000088c00000| PB 0x0000000088c00000| Untracked 
|  59|0x0000000088d00000, 0x0000000088d00000, 0x0000000088e00000|  0%| F|  |TAMS 0x0000000088d00000| PB 0x0000000088d00000| Untracked 
| 101|0x000000008b700000, 0x000000008b700000, 0x000000008b800000|  0%| F|  |TAMS 0x000000008b700000| PB 0x000000008b700000| Untracked 
| 102|0x000000008b800000, 0x000000008b800000, 0x000000008b900000|  0%| F|  |TAMS 0x000000008b800000| PB 0x000000008b800000| Untracked 
| 123|0x000000008cd00000, 0x000000008cd00000, 0x000000008ce00000|  0%| F|  |TAMS 0x000000008cd00000| PB 0x000000008cd00000| Untracked 
|1964|0x00000000ffe00000, 0x00000000ffe2a768, 0x00000000fff00000| 16%| E|  |TAMS 0x00000000ffe00000| PB 0x00000000ffe00000| Complete 
|1965|0x00000000fff00000, 0x0000000100000000, 0x0000000100000000|100%| O|  |TAMS 0x0000000100000000| PB 0x0000000100000000| Updating 

Card table byte_map: [0x0000019ecd530000,0x0000019ecd910000] _byte_map_base: 0x0000019ecd107000

Marking Bits: (CMBitMap*) 0x0000019ebad2ce00
 Bits: [0x0000019ecd910000, 0x0000019ecf7c8000)

Polling page: 0x0000019eba4a0000

Metaspace:

Usage:
  Non-class:     43.71 MB used.
      Class:      5.69 MB used.
       Both:     49.40 MB used.

Virtual space:
  Non-class space:       64.00 MB reserved,      43.88 MB ( 69%) committed,  1 nodes.
      Class space:        1.00 GB reserved,       5.81 MB ( <1%) committed,  1 nodes.
             Both:        1.06 GB reserved,      49.69 MB (  5%) committed. 

Chunk freelists:
   Non-Class:  3.41 MB
       Class:  10.01 MB
        Both:  13.42 MB

MaxMetaspaceSize: unlimited
CompressedClassSpaceSize: 1.00 GB
Initial GC threshold: 21.00 MB
Current GC threshold: 81.25 MB
CDS: off
 - commit_granule_bytes: 65536.
 - commit_granule_words: 8192.
 - virtual_space_node_default_size: 8388608.
 - enlarge_chunks_in_place: 1.
 - use_allocation_guard: 0.


Internal statistics:

num_allocs_failed_limit: 6.
num_arena_births: 282.
num_arena_deaths: 0.
num_vsnodes_births: 2.
num_vsnodes_deaths: 0.
num_space_committed: 795.
num_space_uncommitted: 0.
num_chunks_returned_to_freelist: 6.
num_chunks_taken_from_freelist: 1784.
num_chunk_merges: 6.
num_chunk_splits: 1446.
num_chunks_enlarged: 1297.
num_inconsistent_stats: 0.

CodeHeap 'non-profiled nmethods': size=120000Kb used=1847Kb max_used=1883Kb free=118152Kb
 bounds [0x0000019ec58f0000, 0x0000019ec5b60000, 0x0000019ecce20000]
CodeHeap 'profiled nmethods': size=120000Kb used=8704Kb max_used=8955Kb free=111295Kb
 bounds [0x0000019ebde20000, 0x0000019ebe6e0000, 0x0000019ec5350000]
CodeHeap 'non-nmethods': size=5760Kb used=1587Kb max_used=1651Kb free=4172Kb
 bounds [0x0000019ec5350000, 0x0000019ec55c0000, 0x0000019ec58f0000]
 total_blobs=4573 nmethods=3920 adapters=557
 compilation: enabled
              stopped_count=0, restarted_count=0
 full_count=0

Compilation events (20 events):
Event: 4.978 Thread 0x0000019ed23fffa0 4436       3       org.jetbrains.kotlin.kotlinx.collections.immutable.implementations.immutableMap.PersistentHashMap::containsKey (23 bytes)
Event: 4.978 Thread 0x0000019ed23fffa0 nmethod 4436 0x0000019ebe6db210 code [0x0000019ebe6db3c0, 0x0000019ebe6db648]
Event: 4.978 Thread 0x0000019ed23fffa0 4435       3       org.jetbrains.kotlin.resolve.calls.inference.model.NewConstraintSystemImpl::isIntersection (21 bytes)
Event: 4.978 Thread 0x0000019ed23fffa0 nmethod 4435 0x0000019ebe6db790 code [0x0000019ebe6db9c0, 0x0000019ebe6dc130]
Event: 4.978 Thread 0x0000019ed23fffa0 4438       3       org.jetbrains.kotlin.fir.resolve.dfa.Flow::<init> (5 bytes)
Event: 4.978 Thread 0x0000019ed23fffa0 nmethod 4438 0x0000019ebe6dc390 code [0x0000019ebe6dc520, 0x0000019ebe6dc688]
Event: 4.978 Thread 0x0000019ed23fffa0 4437       1       org.jetbrains.kotlin.fir.declarations.FirTowerDataContext::getImplicitReceiverStack (5 bytes)
Event: 4.978 Thread 0x0000019ed23fffa0 nmethod 4437 0x0000019ec5ac5d10 code [0x0000019ec5ac5ea0, 0x0000019ec5ac5f68]
Event: 4.979 Thread 0x0000019ed23fffa0 4439       1       org.jetbrains.kotlin.fir.FirCallResolver$ResolutionResult::getCandidates (5 bytes)
Event: 4.979 Thread 0x0000019ed23fffa0 nmethod 4439 0x0000019ec5ac6010 code [0x0000019ec5ac61a0, 0x0000019ec5ac6268]
Event: 4.982 Thread 0x0000019ed23fffa0 4440       1       org.jetbrains.kotlin.fir.symbols.impl.FirTypeParameterSymbol::toLookupTag (5 bytes)
Event: 4.983 Thread 0x0000019ed23fffa0 nmethod 4440 0x0000019ec5ac6310 code [0x0000019ec5ac64a0, 0x0000019ec5ac6568]
Event: 4.983 Thread 0x0000019ed23fffa0 4441       1       org.jetbrains.kotlin.fir.declarations.builder.FirTypeParameterBuilder::getBounds (5 bytes)
Event: 4.983 Thread 0x0000019ed23fffa0 nmethod 4441 0x0000019ec5ac6610 code [0x0000019ec5ac67a0, 0x0000019ec5ac6868]
Event: 4.986 Thread 0x0000019ed23fffa0 4442       1       org.jetbrains.kotlin.fir.types.impl.FirUserTypeRefImpl::getSource (5 bytes)
Event: 4.986 Thread 0x0000019ed23fffa0 nmethod 4442 0x0000019ec5ac6910 code [0x0000019ec5ac6aa0, 0x0000019ec5ac6b68]
Event: 4.997 Thread 0x0000019ed23fffa0 4443       3       java.util.ArrayList$ListItr::previous (59 bytes)
Event: 4.997 Thread 0x0000019ed23fffa0 nmethod 4443 0x0000019ebe6dc790 code [0x0000019ebe6dc980, 0x0000019ebe6dce40]
Event: 4.997 Thread 0x0000019ed23fffa0 4444       3       org.jetbrains.kotlin.fir.visitors.FirTransformerUtilKt::transformInplace (73 bytes)
Event: 4.998 Thread 0x0000019ed23fffa0 nmethod 4444 0x0000019ebe6dd090 code [0x0000019ebe6dd400, 0x0000019ebe6de828]

GC Heap History (20 events):
Event: 2.760 GC heap before
{Heap before GC invocations=10 (full 0):
 garbage-first heap   total 49152K, used 40630K [0x0000000085200000, 0x0000000100000000)
  region size 1024K, 23 young (23552K), 1 survivors (1024K)
 Metaspace       used 41721K, committed 42048K, reserved 1114112K
  class space    used 4902K, committed 5056K, reserved 1048576K
}
Event: 2.764 GC heap after
{Heap after GC invocations=11 (full 0):
 garbage-first heap   total 49152K, used 20064K [0x0000000085200000, 0x0000000100000000)
  region size 1024K, 2 young (2048K), 2 survivors (2048K)
 Metaspace       used 41721K, committed 42048K, reserved 1114112K
  class space    used 4902K, committed 5056K, reserved 1048576K
}
Event: 3.320 GC heap before
{Heap before GC invocations=11 (full 0):
 garbage-first heap   total 49152K, used 42592K [0x0000000085200000, 0x0000000100000000)
  region size 1024K, 24 young (24576K), 2 survivors (2048K)
 Metaspace       used 44905K, committed 45184K, reserved 1114112K
  class space    used 5193K, committed 5312K, reserved 1048576K
}
Event: 3.330 GC heap after
{Heap after GC invocations=12 (full 0):
 garbage-first heap   total 50176K, used 24481K [0x0000000085200000, 0x0000000100000000)
  region size 1024K, 3 young (3072K), 3 survivors (3072K)
 Metaspace       used 44905K, committed 45184K, reserved 1114112K
  class space    used 5193K, committed 5312K, reserved 1048576K
}
Event: 3.650 GC heap before
{Heap before GC invocations=12 (full 0):
 garbage-first heap   total 50176K, used 40865K [0x0000000085200000, 0x0000000100000000)
  region size 1024K, 20 young (20480K), 3 survivors (3072K)
 Metaspace       used 47252K, committed 47552K, reserved 1114112K
  class space    used 5436K, committed 5568K, reserved 1048576K
}
Event: 3.661 GC heap after
{Heap after GC invocations=13 (full 0):
 garbage-first heap   total 50176K, used 27835K [0x0000000085200000, 0x0000000100000000)
  region size 1024K, 3 young (3072K), 3 survivors (3072K)
 Metaspace       used 47252K, committed 47552K, reserved 1114112K
  class space    used 5436K, committed 5568K, reserved 1048576K
}
Event: 3.990 GC heap before
{Heap before GC invocations=13 (full 0):
 garbage-first heap   total 50176K, used 42171K [0x0000000085200000, 0x0000000100000000)
  region size 1024K, 17 young (17408K), 3 survivors (3072K)
 Metaspace       used 48901K, committed 49152K, reserved 1114112K
  class space    used 5619K, committed 5760K, reserved 1048576K
}
Event: 3.999 GC heap after
{Heap after GC invocations=14 (full 0):
 garbage-first heap   total 50176K, used 31270K [0x0000000085200000, 0x0000000100000000)
  region size 1024K, 3 young (3072K), 3 survivors (3072K)
 Metaspace       used 48901K, committed 49152K, reserved 1114112K
  class space    used 5619K, committed 5760K, reserved 1048576K
}
Event: 4.194 GC heap before
{Heap before GC invocations=15 (full 0):
 garbage-first heap   total 53248K, used 41510K [0x0000000085200000, 0x0000000100000000)
  region size 1024K, 14 young (14336K), 3 survivors (3072K)
 Metaspace       used 48946K, committed 49280K, reserved 1114112K
  class space    used 5625K, committed 5760K, reserved 1048576K
}
Event: 4.201 GC heap after
{Heap after GC invocations=16 (full 0):
 garbage-first heap   total 53248K, used 35526K [0x0000000085200000, 0x0000000100000000)
  region size 1024K, 2 young (2048K), 2 survivors (2048K)
 Metaspace       used 48946K, committed 49280K, reserved 1114112K
  class space    used 5625K, committed 5760K, reserved 1048576K
}
Event: 4.374 GC heap before
{Heap before GC invocations=16 (full 0):
 garbage-first heap   total 53248K, used 45766K [0x0000000085200000, 0x0000000100000000)
  region size 1024K, 12 young (12288K), 2 survivors (2048K)
 Metaspace       used 49347K, committed 49600K, reserved 1114112K
  class space    used 5660K, committed 5760K, reserved 1048576K
}
Event: 4.380 GC heap after
{Heap after GC invocations=17 (full 0):
 garbage-first heap   total 65536K, used 37391K [0x0000000085200000, 0x0000000100000000)
  region size 1024K, 2 young (2048K), 2 survivors (2048K)
 Metaspace       used 49347K, committed 49600K, reserved 1114112K
  class space    used 5660K, committed 5760K, reserved 1048576K
}
Event: 4.457 GC heap before
{Heap before GC invocations=17 (full 0):
 garbage-first heap   total 65536K, used 39439K [0x0000000085200000, 0x0000000100000000)
  region size 1024K, 5 young (5120K), 2 survivors (2048K)
 Metaspace       used 49598K, committed 49920K, reserved 1114112K
  class space    used 5701K, committed 5824K, reserved 1048576K
}
Event: 4.461 GC heap after
{Heap after GC invocations=18 (full 0):
 garbage-first heap   total 65536K, used 38301K [0x0000000085200000, 0x0000000100000000)
  region size 1024K, 1 young (1024K), 1 survivors (1024K)
 Metaspace       used 49598K, committed 49920K, reserved 1114112K
  class space    used 5701K, committed 5824K, reserved 1048576K
}
Event: 4.589 GC heap before
{Heap before GC invocations=19 (full 0):
 garbage-first heap   total 66560K, used 55709K [0x0000000085200000, 0x0000000100000000)
  region size 1024K, 17 young (17408K), 1 survivors (1024K)
 Metaspace       used 49610K, committed 49920K, reserved 1114112K
  class space    used 5701K, committed 5824K, reserved 1048576K
}
Event: 4.596 GC heap after
{Heap after GC invocations=20 (full 0):
 garbage-first heap   total 66560K, used 45757K [0x0000000085200000, 0x0000000100000000)
  region size 1024K, 3 young (3072K), 3 survivors (3072K)
 Metaspace       used 49610K, committed 49920K, reserved 1114112K
  class space    used 5701K, committed 5824K, reserved 1048576K
}
Event: 4.684 GC heap before
{Heap before GC invocations=20 (full 0):
 garbage-first heap   total 66560K, used 57021K [0x0000000085200000, 0x0000000100000000)
  region size 1024K, 14 young (14336K), 3 survivors (3072K)
 Metaspace       used 49653K, committed 49920K, reserved 1114112K
  class space    used 5706K, committed 5824K, reserved 1048576K
}
Event: 4.693 GC heap after
{Heap after GC invocations=21 (full 0):
 garbage-first heap   total 66560K, used 49569K [0x0000000085200000, 0x0000000100000000)
  region size 1024K, 2 young (2048K), 2 survivors (2048K)
 Metaspace       used 49653K, committed 49920K, reserved 1114112K
  class space    used 5706K, committed 5824K, reserved 1048576K
}
Event: 4.986 GC heap before
{Heap before GC invocations=21 (full 0):
 garbage-first heap   total 66560K, used 57761K [0x0000000085200000, 0x0000000100000000)
  region size 1024K, 10 young (10240K), 2 survivors (2048K)
 Metaspace       used 50586K, committed 50880K, reserved 1114112K
  class space    used 5827K, committed 5952K, reserved 1048576K
}
Event: 4.992 GC heap after
{Heap after GC invocations=22 (full 0):
 garbage-first heap   total 66560K, used 51884K [0x0000000085200000, 0x0000000100000000)
  region size 1024K, 2 young (2048K), 2 survivors (2048K)
 Metaspace       used 50586K, committed 50880K, reserved 1114112K
  class space    used 5827K, committed 5952K, reserved 1048576K
}

Dll operation events (3 events):
Event: 0.007 Loaded shared library C:\Program Files\Android\Android Studio\jbr\bin\java.dll
Event: 0.012 Loaded shared library C:\Program Files\Android\Android Studio\jbr\bin\zip.dll
Event: 0.992 Loaded shared library C:\Program Files\Android\Android Studio\jbr\bin\verify.dll

Deoptimization events (20 events):
Event: 4.321 Thread 0x0000019eb8a9cbe0 Uncommon trap: trap_request=0xffffffdc fr.pc=0x0000019ec5a89de0 relative=0x00000000000002a0
Event: 4.321 Thread 0x0000019eb8a9cbe0 Uncommon trap: reason=class_check action=make_not_entrant pc=0x0000019ec5a89de0 method=java.util.ArrayList.toArray([Ljava/lang/Object;)[Ljava/lang/Object; @ 21 c2
Event: 4.321 Thread 0x0000019eb8a9cbe0 DEOPT PACKING pc=0x0000019ec5a89de0 sp=0x00000073d8afa0c0
Event: 4.321 Thread 0x0000019eb8a9cbe0 DEOPT UNPACKING pc=0x0000019ec53a46a2 sp=0x00000073d8afa080 mode 2
Event: 4.428 Thread 0x0000019eb8a9cbe0 Uncommon trap: trap_request=0xffffff45 fr.pc=0x0000019ec5a1e494 relative=0x0000000000001434
Event: 4.428 Thread 0x0000019eb8a9cbe0 Uncommon trap: reason=unstable_if action=reinterpret pc=0x0000019ec5a1e494 method=java.util.HashMap.putVal(ILjava/lang/Object;Ljava/lang/Object;ZZ)Ljava/lang/Object; @ 193 c2
Event: 4.428 Thread 0x0000019eb8a9cbe0 DEOPT PACKING pc=0x0000019ec5a1e494 sp=0x00000073d8afa340
Event: 4.428 Thread 0x0000019eb8a9cbe0 DEOPT UNPACKING pc=0x0000019ec53a46a2 sp=0x00000073d8afa1e8 mode 2
Event: 4.650 Thread 0x0000019eb8a9cbe0 Uncommon trap: trap_request=0xffffff3d fr.pc=0x0000019ec5a68420 relative=0x0000000000003080
Event: 4.650 Thread 0x0000019eb8a9cbe0 Uncommon trap: reason=unstable_fused_if action=reinterpret pc=0x0000019ec5a68420 method=org.jetbrains.kotlin.metadata.ProtoBuf$Type.<init>(Lorg/jetbrains/kotlin/protobuf/CodedInputStream;Lorg/jetbrains/kotlin/protobuf/ExtensionRegistryLite;)V @ 49 c2
Event: 4.650 Thread 0x0000019eb8a9cbe0 DEOPT PACKING pc=0x0000019ec5a68420 sp=0x00000073d8af8900
Event: 4.650 Thread 0x0000019eb8a9cbe0 DEOPT UNPACKING pc=0x0000019ec53a46a2 sp=0x00000073d8af88a8 mode 2
Event: 4.653 Thread 0x0000019eb8a9cbe0 Uncommon trap: trap_request=0xffffff45 fr.pc=0x0000019ec59581ec relative=0x00000000000003cc
Event: 4.653 Thread 0x0000019eb8a9cbe0 Uncommon trap: reason=unstable_if action=reinterpret pc=0x0000019ec59581ec method=org.jetbrains.kotlin.metadata.ProtoBuf$Type.hasFlexibleUpperBound()Z @ 7 c2
Event: 4.653 Thread 0x0000019eb8a9cbe0 DEOPT PACKING pc=0x0000019ec59581ec sp=0x00000073d8af8f10
Event: 4.653 Thread 0x0000019eb8a9cbe0 DEOPT UNPACKING pc=0x0000019ec53a46a2 sp=0x00000073d8af8e50 mode 2
Event: 4.665 Thread 0x0000019eb8a9cbe0 Uncommon trap: trap_request=0xffffff6e fr.pc=0x0000019ec5a2fc44 relative=0x00000000000004a4
Event: 4.665 Thread 0x0000019eb8a9cbe0 Uncommon trap: reason=loop_limit_check action=maybe_recompile pc=0x0000019ec5a2fc44 method=java.util.regex.Pattern$Start.match(Ljava/util/regex/Matcher;ILjava/lang/CharSequence;)Z @ 34 c2
Event: 4.665 Thread 0x0000019eb8a9cbe0 DEOPT PACKING pc=0x0000019ec5a2fc44 sp=0x00000073d8af96e0
Event: 4.665 Thread 0x0000019eb8a9cbe0 DEOPT UNPACKING pc=0x0000019ec53a46a2 sp=0x00000073d8af9620 mode 2

Classes loaded (20 events):
Event: 2.798 Loading class java/lang/annotation/ElementType
Event: 2.798 Loading class java/lang/annotation/ElementType done
Event: 2.798 Loading class java/lang/Deprecated
Event: 2.798 Loading class java/lang/Deprecated done
Event: 2.798 Loading class java/lang/Override
Event: 2.798 Loading class java/lang/Override done
Event: 3.050 Loading class java/text/StringCharacterIterator
Event: 3.051 Loading class java/text/CharacterIterator
Event: 3.051 Loading class java/text/CharacterIterator done
Event: 3.051 Loading class java/text/StringCharacterIterator done
Event: 3.346 Loading class java/util/ArrayList$SubList$1
Event: 3.346 Loading class java/util/ArrayList$SubList$1 done
Event: 3.404 Loading class java/util/AbstractList$ListItr
Event: 3.404 Loading class java/util/AbstractList$ListItr done
Event: 3.848 Loading class java/util/AbstractList$SubList$1
Event: 3.848 Loading class java/util/AbstractList$SubList$1 done
Event: 4.254 Loading class java/util/AbstractMap$SimpleImmutableEntry
Event: 4.254 Loading class java/util/AbstractMap$SimpleImmutableEntry done
Event: 4.943 Loading class java/security/CodeSigner
Event: 4.943 Loading class java/security/CodeSigner done

Classes unloaded (0 events):
No events

Classes redefined (0 events):
No events

Internal exceptions (20 events):
Event: 2.122 Thread 0x0000019eb8a9cbe0 Exception <a 'java/lang/NoSuchMethodError'{0x0000000086a91660}: 'java.lang.Object java.lang.invoke.DirectMethodHandle$Holder.invokeVirtual(java.lang.Object, java.lang.Object, java.lang.Object)'> (0x0000000086a91660) 
thrown [s\src\hotspot\share\interpreter\linkResolver.cpp, line 784]
Event: 2.165 Thread 0x0000019eb8a9cbe0 Exception <a 'java/lang/NoSuchMethodError'{0x0000000086800250}: 'java.lang.Object java.lang.invoke.DirectMethodHandle$Holder.newInvokeSpecial(java.lang.Object, java.lang.Object, int)'> (0x0000000086800250) 
thrown [s\src\hotspot\share\interpreter\linkResolver.cpp, line 784]
Event: 2.421 Thread 0x0000019eb8a9cbe0 Implicit null exception at 0x0000019ec59ad2da to 0x0000019ec59ad3d8
Event: 2.423 Thread 0x0000019eb8a9cbe0 Exception <a 'java/lang/NoSuchMethodError'{0x00000000878aacd0}: 'int java.lang.invoke.DirectMethodHandle$Holder.invokeStaticInit(java.lang.Object, int)'> (0x00000000878aacd0) 
thrown [s\src\hotspot\share\interpreter\linkResolver.cpp, line 784]
Event: 2.913 Thread 0x0000019eb8a9cbe0 Implicit null exception at 0x0000019ec59a551e to 0x0000019ec59a5790
Event: 3.528 Thread 0x0000019eb8a9cbe0 Exception <a 'java/lang/NoSuchMethodError'{0x00000000875fdce8}: 'java.lang.Object java.lang.invoke.DirectMethodHandle$Holder.invokeStaticInit(java.lang.Object, java.lang.Object, java.lang.Object, java.lang.Object)'> (0x00000000875fdce8) 
thrown [s\src\hotspot\share\interpreter\linkResolver.cpp, line 784]
Event: 3.680 Thread 0x0000019eb8a9cbe0 Exception <a 'java/lang/NoSuchMethodError'{0x000000008cd93a80}: 'java.lang.Object java.lang.invoke.DirectMethodHandle$Holder.newInvokeSpecial(java.lang.Object, java.lang.Object, java.lang.Object, java.lang.Object, java.lang.Object, java.lang.Object)'> (0x000000008cd93a80) 
thrown [s\src\hotspot\share\interpreter\linkResolver.cpp, line 784]
Event: 3.923 Thread 0x0000019eb8a9cbe0 Exception <a 'java/lang/NoSuchMethodError'{0x0000000087725090}: 'java.lang.Object java.lang.invoke.DirectMethodHandle$Holder.newInvokeSpecial(java.lang.Object, java.lang.Object, java.lang.Object, java.lang.Object, int)'> (0x0000000087725090) 
thrown [s\src\hotspot\share\interpreter\linkResolver.cpp, line 784]
Event: 3.923 Thread 0x0000019eb8a9cbe0 Exception <a 'java/lang/NoSuchMethodError'{0x00000000877294d8}: 'java.lang.Object java.lang.invoke.DirectMethodHandle$Holder.invokeSpecial(java.lang.Object, java.lang.Object, java.lang.Object, java.lang.Object, java.lang.Object, int)'> (0x00000000877294d8) 
thrown [s\src\hotspot\share\interpreter\linkResolver.cpp, line 784]
Event: 3.923 Thread 0x0000019eb8a9cbe0 Exception <a 'java/lang/NoSuchMethodError'{0x000000008772d218}: 'java.lang.Object java.lang.invoke.Invokers$Holder.linkToTargetMethod(java.lang.Object, java.lang.Object, java.lang.Object, int, java.lang.Object)'> (0x000000008772d218) 
thrown [s\src\hotspot\share\interpreter\linkResolver.cpp, line 784]
Event: 3.944 Thread 0x0000019eb8a9cbe0 Exception <a 'java/lang/NoSuchMethodError'{0x0000000087772f68}: 'java.lang.Object java.lang.invoke.DirectMethodHandle$Holder.newInvokeSpecial(java.lang.Object, java.lang.Object, java.lang.Object, java.lang.Object, int, java.lang.Object, java.lang.Object)'> (0x0000000087772f68) 
thrown [s\src\hotspot\share\interpreter\linkResolver.cpp, line 784]
Event: 4.405 Thread 0x0000019eb8a9cbe0 Exception <a 'java/lang/NoSuchMethodError'{0x00000000ffe7a230}: 'java.lang.Object java.lang.invoke.DirectMethodHandle$Holder.newInvokeSpecial(java.lang.Object, java.lang.Object, java.lang.Object, java.lang.Object, java.lang.Object, java.lang.Object, java.lang.Object, java.lang.Object, java.lang.Object)'> (0x00000000ffe7a230) 
thrown [s\src\hotspot\share\interpreter\linkResolver.cpp, line 784]
Event: 4.412 Thread 0x0000019eb8a9cbe0 Exception <a 'java/lang/NoSuchMethodError'{0x00000000ffe91640}: 'java.lang.Object java.lang.invoke.DirectMethodHandle$Holder.newInvokeSpecial(java.lang.Object, java.lang.Object, java.lang.Object, int)'> (0x00000000ffe91640) 
thrown [s\src\hotspot\share\interpreter\linkResolver.cpp, line 784]
Event: 4.412 Thread 0x0000019eb8a9cbe0 Exception <a 'java/lang/NoSuchMethodError'{0x00000000ffe954c0}: 'java.lang.Object java.lang.invoke.DirectMethodHandle$Holder.invokeSpecial(java.lang.Object, java.lang.Object, java.lang.Object, java.lang.Object, int)'> (0x00000000ffe954c0) 
thrown [s\src\hotspot\share\interpreter\linkResolver.cpp, line 784]
Event: 4.412 Thread 0x0000019eb8a9cbe0 Exception <a 'java/lang/NoSuchMethodError'{0x00000000ffe98c18}: 'java.lang.Object java.lang.invoke.Invokers$Holder.linkToTargetMethod(java.lang.Object, java.lang.Object, int, java.lang.Object)'> (0x00000000ffe98c18) 
thrown [s\src\hotspot\share\interpreter\linkResolver.cpp, line 784]
Event: 4.415 Thread 0x0000019eb8a9cbe0 Exception <a 'java/lang/NoSuchMethodError'{0x00000000ffea81b0}: 'java.lang.Object java.lang.invoke.DirectMethodHandle$Holder.newInvokeSpecial(java.lang.Object, int, java.lang.Object)'> (0x00000000ffea81b0) 
thrown [s\src\hotspot\share\interpreter\linkResolver.cpp, line 784]
Event: 4.430 Thread 0x0000019eb8a9cbe0 Exception <a 'java/lang/NoSuchMethodError'{0x000000008cd072a8}: 'java.lang.Object java.lang.invoke.DirectMethodHandle$Holder.invokeStatic(java.lang.Object, int, java.lang.Object, java.lang.Object)'> (0x000000008cd072a8) 
thrown [s\src\hotspot\share\interpreter\linkResolver.cpp, line 784]
Event: 4.948 Thread 0x0000019eb8a9cbe0 Exception <a 'java/lang/NoSuchMethodError'{0x0000000088bfa450}: 'java.lang.Object java.lang.invoke.DirectMethodHandle$Holder.newInvokeSpecial(java.lang.Object, int, java.lang.Object, java.lang.Object, java.lang.Object)'> (0x0000000088bfa450) 
thrown [s\src\hotspot\share\interpreter\linkResolver.cpp, line 784]
Event: 4.949 Thread 0x0000019eb8a9cbe0 Exception <a 'java/lang/NoSuchMethodError'{0x0000000088a027a0}: 'java.lang.Object java.lang.invoke.Invokers$Holder.linkToTargetMethod(int, java.lang.Object, java.lang.Object, java.lang.Object, java.lang.Object)'> (0x0000000088a027a0) 
thrown [s\src\hotspot\share\interpreter\linkResolver.cpp, line 784]
Event: 4.953 Thread 0x0000019eb8a9cbe0 Exception <a 'java/lang/NoSuchMethodError'{0x0000000088a13dc8}: 'java.lang.Object java.lang.invoke.DirectMethodHandle$Holder.invokeStatic(java.lang.Object, java.lang.Object, java.lang.Object, int, java.lang.Object, java.lang.Object)'> (0x0000000088a13dc8) 
thrown [s\src\hotspot\share\interpreter\linkResolver.cpp, line 784]

ZGC Phase Switch (0 events):
No events

VM Operations (20 events):
Event: 4.044 Executing VM operation: G1PauseCleanup done
Event: 4.194 Executing VM operation: G1CollectForAllocation (G1 Evacuation Pause)
Event: 4.201 Executing VM operation: G1CollectForAllocation (G1 Evacuation Pause) done
Event: 4.374 Executing VM operation: G1CollectForAllocation (G1 Evacuation Pause)
Event: 4.380 Executing VM operation: G1CollectForAllocation (G1 Evacuation Pause) done
Event: 4.457 Executing VM operation: G1TryInitiateConcMark (G1 Humongous Allocation)
Event: 4.461 Executing VM operation: G1TryInitiateConcMark (G1 Humongous Allocation) done
Event: 4.489 Executing VM operation: G1PauseRemark
Event: 4.494 Executing VM operation: G1PauseRemark done
Event: 4.510 Executing VM operation: G1PauseCleanup
Event: 4.510 Executing VM operation: G1PauseCleanup done
Event: 4.589 Executing VM operation: G1CollectForAllocation (G1 Evacuation Pause)
Event: 4.596 Executing VM operation: G1CollectForAllocation (G1 Evacuation Pause) done
Event: 4.683 Executing VM operation: G1CollectForAllocation (G1 Evacuation Pause)
Event: 4.693 Executing VM operation: G1CollectForAllocation (G1 Evacuation Pause) done
Event: 4.909 Executing VM operation: HandshakeAllThreads (Deoptimize)
Event: 4.909 Executing VM operation: HandshakeAllThreads (Deoptimize) done
Event: 4.986 Executing VM operation: G1CollectForAllocation (G1 Evacuation Pause)
Event: 4.992 Executing VM operation: G1CollectForAllocation (G1 Evacuation Pause) done
Event: 5.028 Executing VM operation: G1PauseRemark

Memory protections (0 events):
No events

Nmethod flushes (20 events):
Event: 5.031 Thread 0x0000019ed22203b0 flushing  nmethod 0x0000019ebe082310
Event: 5.031 Thread 0x0000019ed22203b0 flushing  nmethod 0x0000019ebe094d10
Event: 5.031 Thread 0x0000019ed22203b0 flushing  nmethod 0x0000019ebe0fdb10
Event: 5.031 Thread 0x0000019ed22203b0 flushing  nmethod 0x0000019ebe100390
Event: 5.031 Thread 0x0000019ed22203b0 flushing  nmethod 0x0000019ebe12b710
Event: 5.031 Thread 0x0000019ed22203b0 flushing  nmethod 0x0000019ebe12be90
Event: 5.031 Thread 0x0000019ed22203b0 flushing  nmethod 0x0000019ebe133410
Event: 5.031 Thread 0x0000019ed22203b0 flushing  nmethod 0x0000019ebe133810
Event: 5.031 Thread 0x0000019ed22203b0 flushing  nmethod 0x0000019ebe133b90
Event: 5.031 Thread 0x0000019ed22203b0 flushing  nmethod 0x0000019ebe134090
Event: 5.031 Thread 0x0000019ed22203b0 flushing  nmethod 0x0000019ebe1d4090
Event: 5.031 Thread 0x0000019ed22203b0 flushing  nmethod 0x0000019ebe1d7f10
Event: 5.031 Thread 0x0000019ed22203b0 flushing  nmethod 0x0000019ebe1db090
Event: 5.031 Thread 0x0000019ed22203b0 flushing  nmethod 0x0000019ebe1f1c10
Event: 5.031 Thread 0x0000019ed22203b0 flushing  nmethod 0x0000019ebe20c490
Event: 5.031 Thread 0x0000019ed22203b0 flushing  nmethod 0x0000019ebe284490
Event: 5.031 Thread 0x0000019ed22203b0 flushing  nmethod 0x0000019ebe2b3a10
Event: 5.031 Thread 0x0000019ed22203b0 flushing  nmethod 0x0000019ebe394c10
Event: 5.031 Thread 0x0000019ed22203b0 flushing  nmethod 0x0000019ebe43e410
Event: 5.031 Thread 0x0000019ed22203b0 flushing  nmethod 0x0000019ebe526c10

Events (16 events):
Event: 0.011 Thread 0x0000019eb8a9cbe0 Thread added: 0x0000019eb8a9cbe0
Event: 0.045 Thread 0x0000019eb8a9cbe0 Thread added: 0x0000019ed23d7480
Event: 0.045 Thread 0x0000019eb8a9cbe0 Thread added: 0x0000019ed23e4420
Event: 0.046 Thread 0x0000019eb8a9cbe0 Thread added: 0x0000019ed23e5b90
Event: 0.046 Thread 0x0000019eb8a9cbe0 Thread added: 0x0000019ed23f1410
Event: 0.046 Thread 0x0000019eb8a9cbe0 Thread added: 0x0000019ed23f1e70
Event: 0.046 Thread 0x0000019eb8a9cbe0 Thread added: 0x0000019ed23f28d0
Event: 0.046 Thread 0x0000019eb8a9cbe0 Thread added: 0x0000019ed23e8f40
Event: 0.046 Thread 0x0000019eb8a9cbe0 Thread added: 0x0000019ed23fffa0
Event: 0.074 Thread 0x0000019eb8a9cbe0 Thread added: 0x0000019ed259cac0
Event: 0.080 Thread 0x0000019eb8a9cbe0 Thread added: 0x0000019ed25a2730
Event: 0.086 Loaded shared library C:\Program Files\Android\Android Studio\jbr\bin\net.dll
Event: 0.088 Loaded shared library C:\Program Files\Android\Android Studio\jbr\bin\nio.dll
Event: 0.109 Loaded shared library C:\Program Files\Android\Android Studio\jbr\bin\zip.dll
Event: 0.135 Loaded shared library C:\Program Files\Android\Android Studio\jbr\bin\jimage.dll
Event: 3.940 Thread 0x0000019ed23fffa0 Thread added: 0x0000019ed9e65af0


Dynamic libraries:
0x00007ff7779a0000 - 0x00007ff7779aa000 	C:\Program Files\Android\Android Studio\jbr\bin\java.exe
0x00007ffdbd9d0000 - 0x00007ffdbdbe7000 	C:\WINDOWS\SYSTEM32\ntdll.dll
0x00007ffdbbc70000 - 0x00007ffdbbd34000 	C:\WINDOWS\System32\KERNEL32.DLL
0x00007ffdbaf00000 - 0x00007ffdbb2d1000 	C:\WINDOWS\System32\KERNELBASE.dll
0x00007ffdbb390000 - 0x00007ffdbb4a1000 	C:\WINDOWS\System32\ucrtbase.dll
0x00007ffdb0bd0000 - 0x00007ffdb0beb000 	C:\Program Files\Android\Android Studio\jbr\bin\VCRUNTIME140.dll
0x00007ffd9f3a0000 - 0x00007ffd9f3b8000 	C:\Program Files\Android\Android Studio\jbr\bin\jli.dll
0x00007ffdbd7d0000 - 0x00007ffdbd981000 	C:\WINDOWS\System32\USER32.dll
0x00007ffd991e0000 - 0x00007ffd99472000 	C:\WINDOWS\WinSxS\amd64_microsoft.windows.common-controls_6595b64144ccf1df_6.0.22621.4830_none_270fe7d773858e80\COMCTL32.dll
0x00007ffdbabb0000 - 0x00007ffdbabd6000 	C:\WINDOWS\System32\win32u.dll
0x00007ffdbd090000 - 0x00007ffdbd137000 	C:\WINDOWS\System32\msvcrt.dll
0x00007ffdbbc40000 - 0x00007ffdbbc69000 	C:\WINDOWS\System32\GDI32.dll
0x00007ffdbaca0000 - 0x00007ffdbadbb000 	C:\WINDOWS\System32\gdi32full.dll
0x00007ffdbab10000 - 0x00007ffdbabaa000 	C:\WINDOWS\System32\msvcp_win.dll
0x00007ffdbcc20000 - 0x00007ffdbcc51000 	C:\WINDOWS\System32\IMM32.DLL
0x00007ffdb0cf0000 - 0x00007ffdb0cfc000 	C:\Program Files\Android\Android Studio\jbr\bin\vcruntime140_1.dll
0x00007ffd89c90000 - 0x00007ffd89d1d000 	C:\Program Files\Android\Android Studio\jbr\bin\msvcp140.dll
0x00007ffcf8820000 - 0x00007ffcf94a3000 	C:\Program Files\Android\Android Studio\jbr\bin\server\jvm.dll
0x00007ffdbb6a0000 - 0x00007ffdbb751000 	C:\WINDOWS\System32\ADVAPI32.dll
0x00007ffdbd1a0000 - 0x00007ffdbd247000 	C:\WINDOWS\System32\sechost.dll
0x00007ffdbb360000 - 0x00007ffdbb388000 	C:\WINDOWS\System32\bcrypt.dll
0x00007ffdbcf50000 - 0x00007ffdbd064000 	C:\WINDOWS\System32\RPCRT4.dll
0x00007ffdbbd50000 - 0x00007ffdbbdc1000 	C:\WINDOWS\System32\WS2_32.dll
0x00007ffdba9e0000 - 0x00007ffdbaa2d000 	C:\WINDOWS\SYSTEM32\POWRPROF.dll
0x00007ffdb0a20000 - 0x00007ffdb0a54000 	C:\WINDOWS\SYSTEM32\WINMM.dll
0x00007ffdad110000 - 0x00007ffdad11a000 	C:\WINDOWS\SYSTEM32\VERSION.dll
0x00007ffdba9c0000 - 0x00007ffdba9d3000 	C:\WINDOWS\SYSTEM32\UMPDC.dll
0x00007ffdb9b20000 - 0x00007ffdb9b38000 	C:\WINDOWS\SYSTEM32\kernel.appcore.dll
0x00007ffdb0bc0000 - 0x00007ffdb0bca000 	C:\Program Files\Android\Android Studio\jbr\bin\jimage.dll
0x00007ffdb8520000 - 0x00007ffdb8752000 	C:\WINDOWS\SYSTEM32\DBGHELP.DLL
0x00007ffdbbdd0000 - 0x00007ffdbc160000 	C:\WINDOWS\System32\combase.dll
0x00007ffdbd6f0000 - 0x00007ffdbd7c7000 	C:\WINDOWS\System32\OLEAUT32.dll
0x00007ffd8f580000 - 0x00007ffd8f5b2000 	C:\WINDOWS\SYSTEM32\dbgcore.DLL
0x00007ffdbb2e0000 - 0x00007ffdbb35b000 	C:\WINDOWS\System32\bcryptPrimitives.dll
0x00007ffd9cd90000 - 0x00007ffd9cdb0000 	C:\Program Files\Android\Android Studio\jbr\bin\java.dll
0x00007ffd9cd70000 - 0x00007ffd9cd88000 	C:\Program Files\Android\Android Studio\jbr\bin\zip.dll
0x00007ffdbc210000 - 0x00007ffdbca98000 	C:\WINDOWS\System32\SHELL32.dll
0x00007ffdbadc0000 - 0x00007ffdbaeff000 	C:\WINDOWS\System32\wintypes.dll
0x00007ffdb8a20000 - 0x00007ffdb932d000 	C:\WINDOWS\SYSTEM32\windows.storage.dll
0x00007ffdbcc70000 - 0x00007ffdbcd7a000 	C:\WINDOWS\System32\SHCORE.dll
0x00007ffdbcb40000 - 0x00007ffdbcb9e000 	C:\WINDOWS\System32\shlwapi.dll
0x00007ffdbaa40000 - 0x00007ffdbaa6b000 	C:\WINDOWS\SYSTEM32\profapi.dll
0x00007ffdb0350000 - 0x00007ffdb0360000 	C:\Program Files\Android\Android Studio\jbr\bin\net.dll
0x00007ffdb3f50000 - 0x00007ffdb407c000 	C:\WINDOWS\SYSTEM32\WINHTTP.dll
0x00007ffdb9f80000 - 0x00007ffdb9fea000 	C:\WINDOWS\system32\mswsock.dll
0x00007ffd9cd50000 - 0x00007ffd9cd66000 	C:\Program Files\Android\Android Studio\jbr\bin\nio.dll
0x00007ffd94ee0000 - 0x00007ffd94ef0000 	C:\Program Files\Android\Android Studio\jbr\bin\verify.dll

dbghelp: loaded successfully - version: 4.0.5 - missing functions: none
symbol engine: initialized successfully - sym options: 0x614 - pdb path: .;C:\Program Files\Android\Android Studio\jbr\bin;C:\WINDOWS\SYSTEM32;C:\WINDOWS\WinSxS\amd64_microsoft.windows.common-controls_6595b64144ccf1df_6.0.22621.4830_none_270fe7d773858e80;C:\Program Files\Android\Android Studio\jbr\bin\server

VM Arguments:
java_command: org.jetbrains.kotlin.cli.jvm.K2JVMCompiler @D:\FireBase\app\build\20250320_4090739199271313112.compiler.options
java_class_path (initial): C:\Users\Hp\.gradle\caches\modules-2\files-2.1\org.jetbrains.kotlin\kotlin-compiler-embeddable\2.0.0\1de310de3446414381282ffc46c3ed3919a4d1da\kotlin-compiler-embeddable-2.0.0.jar;C:\Users\Hp\.gradle\caches\modules-2\files-2.1\org.jetbrains.kotlin\kotlin-stdlib\2.0.0\b48df2c4aede9586cc931ead433bc02d6fd7879e\kotlin-stdlib-2.0.0.jar;C:\Users\Hp\.gradle\caches\modules-2\files-2.1\org.jetbrains.kotlin\kotlin-script-runtime\2.0.0\fdc27dd047d592fa41d2dfa21e7621287a361612\kotlin-script-runtime-2.0.0.jar;C:\Users\Hp\.gradle\caches\modules-2\files-2.1\org.jetbrains.kotlin\kotlin-reflect\1.6.10\1cbe9c92c12a94eea200d23c2bbaedaf3daf5132\kotlin-reflect-1.6.10.jar;C:\Users\Hp\.gradle\caches\modules-2\files-2.1\org.jetbrains.kotlin\kotlin-daemon-embeddable\2.0.0\b39c612768614c4428c96ee9c65477181fffe9d\kotlin-daemon-embeddable-2.0.0.jar;C:\Users\Hp\.gradle\caches\modules-2\files-2.1\org.jetbrains.intellij.deps\trove4j\1.0.20200330\3afb14d5f9ceb459d724e907a21145e8ff394f02\trove4j-1.0.20200330.jar;C:\Users\Hp\.gradle\caches\modules-2\files-2.1\org.jetbrains\annotations\13.0\919f0dfe192fb4e063e7dacadee7f8bb9a2672a9\annotations-13.0.jar
Launcher Type: SUN_STANDARD

[Global flags]
     intx CICompilerCount                          = 4                                         {product} {ergonomic}
     uint ConcGCThreads                            = 2                                         {product} {ergonomic}
     uint G1ConcRefinementThreads                  = 8                                         {product} {ergonomic}
   size_t G1HeapRegionSize                         = 1048576                                   {product} {ergonomic}
    uintx GCDrainStackTargetSize                   = 64                                        {product} {ergonomic}
   size_t InitialHeapSize                          = 130023424                                 {product} {ergonomic}
   size_t MarkStackSize                            = 4194304                                   {product} {ergonomic}
   size_t MaxHeapSize                              = 2061500416                                {product} {ergonomic}
   size_t MaxNewSize                               = 1236271104                                {product} {ergonomic}
   size_t MinHeapDeltaBytes                        = 1048576                                   {product} {ergonomic}
   size_t MinHeapSize                              = 8388608                                   {product} {ergonomic}
    uintx NonNMethodCodeHeapSize                   = 5839372                                {pd product} {ergonomic}
    uintx NonProfiledCodeHeapSize                  = 122909434                              {pd product} {ergonomic}
    uintx ProfiledCodeHeapSize                     = 122909434                              {pd product} {ergonomic}
    uintx ReservedCodeCacheSize                    = 251658240                              {pd product} {ergonomic}
     bool SegmentedCodeCache                       = true                                      {product} {ergonomic}
   size_t SoftMaxHeapSize                          = 2061500416                             {manageable} {ergonomic}
     bool UseCompressedOops                        = true                           {product lp64_product} {ergonomic}
     bool UseG1GC                                  = true                                      {product} {ergonomic}
     bool UseLargePagesIndividualAllocation        = false                                  {pd product} {ergonomic}

Logging:
Log output configuration:
 #0: stdout all=warning uptime,level,tags foldmultilines=false
 #1: stderr all=off uptime,level,tags foldmultilines=false

Environment Variables:
JAVA_HOME=C:\Program Files\Java\jdk-23
PATH=C:\WINDOWS\system32;C:\WINDOWS;C:\WINDOWS\System32\Wbem;C:\WINDOWS\System32\WindowsPowerShell\v1.0\;C:\WINDOWS\System32\OpenSSH\;C:\ProgramData\chocolatey\bin;C:\Program Files\nodejs\;C:\msys64\ucrt64\bin;C:\Program Files\Microsoft SQL Server\Client SDK\ODBC\170\Tools\Binn\;C:\Program Files\Java\jdk-23\bin;C:\Program Files (x86)\Microsoft SQL Server\160\Tools\Binn\;C:\Program Files\Microsoft SQL Server\160\Tools\Binn\;C:\Program Files\Microsoft SQL Server\160\DTS\Binn\;C:\Users\Hp\AppData\Local\Android\Sdk\platform-tools;D:\DOWNLOAD\Git\cmd;C:\Users\Hp\AppData\Local\Microsoft\WindowsApps;D:\Microsoft VS Code\bin;C:\node;C:\Users\Hp\AppData\Roaming\npm;C:\Users\Hp\AppData\Local\GitHubDesktop\bin
USERNAME=Hp
OS=Windows_NT
PROCESSOR_IDENTIFIER=Intel64 Family 6 Model 154 Stepping 4, GenuineIntel
TMP=C:\Users\Hp\AppData\Local\Temp
TEMP=C:\Users\Hp\AppData\Local\Temp




Periodic native trim disabled

JNI global refs:
JNI global refs: 8, weak refs: 4

JNI global refs memory usage: 835, weak refs: 833

Process memory usage:
Resident Set Size: 227980K (2% of 8049112K total physical memory with 650864K free physical memory)

OOME stack traces (most recent first):
Classloader memory used:
Loader jdk.internal.loader.ClassLoaders$AppClassLoader                                 : 39602K
Loader bootstrap                                                                       : 10755K
Loader java.net.URLClassLoader                                                         : 232K

---------------  S Y S T E M  ---------------

OS:
 Windows 11 , 64 bit Build 22621 (10.0.22621.4974)
OS uptime: 0 days 6:38 hours
Hyper-V role detected

CPU: total 8 (initial active 8) (4 cores per cpu, 2 threads per core) family 6 model 154 stepping 4 microcode 0x42c, cx8, cmov, fxsr, ht, mmx, 3dnowpref, sse, sse2, sse3, ssse3, sse4.1, sse4.2, popcnt, lzcnt, tsc, tscinvbit, avx, avx2, aes, erms, clmul, bmi1, bmi2, adx, sha, fma, vzeroupper, clflush, clflushopt, clwb, hv, serialize, rdtscp, rdpid, fsrm, f16c, cet_ibt, cet_ss
Processor Information for processor 0
  Max Mhz: 1200, Current Mhz: 1200, Mhz Limit: 1200
Processor Information for processor 1
  Max Mhz: 1200, Current Mhz: 1200, Mhz Limit: 1200
Processor Information for processor 2
  Max Mhz: 1200, Current Mhz: 1200, Mhz Limit: 1200
Processor Information for processor 3
  Max Mhz: 1200, Current Mhz: 1200, Mhz Limit: 1200
Processor Information for processor 4
  Max Mhz: 1200, Current Mhz: 900, Mhz Limit: 900
Processor Information for processor 5
  Max Mhz: 1200, Current Mhz: 900, Mhz Limit: 900
Processor Information for processor 6
  Max Mhz: 1200, Current Mhz: 900, Mhz Limit: 900
Processor Information for processor 7
  Max Mhz: 1200, Current Mhz: 900, Mhz Limit: 900

Memory: 4k page, system-wide physical 7860M (635M free)
TotalPageFile size 19560M (AvailPageFile size 12M)
current process WorkingSet (physical memory assigned to process): 222M, peak: 228M
current process commit charge ("private bytes"): 252M, peak: 273M

vm_info: OpenJDK 64-Bit Server VM (21.0.4+-12508038-b607.1) for windows-amd64 JRE (21.0.4+-12508038-b607.1), built on 2024-10-16T17:23:34Z by "builder" with MS VC++ 16.10 / 16.11 (VS2019)

END.
